# JRE version: OpenJDK Runtime Environment (8.0_202-b03) (build 1.8.0_202-release-1483-b03)
# Java VM: OpenJDK 64-Bit Server VM (25.202-b03 mixed mode windows-amd64 compressed oops)
Heap:
 PSYoungGen      total 441344K, used 37423K [0x00000000e0000000, 0x00000000ff880000, 0x0000000100000000)
  eden space 364032K, 8% used [0x00000000e0000000,0x00000000e1f1f8e0,0x00000000f6380000)
  from space 77312K, 7% used [0x00000000fac80000,0x00000000fb1ec4b0,0x00000000ff800000)
  to   space 74752K, 0% used [0x00000000f6380000,0x00000000f6380000,0x00000000fac80000)
 ParOldGen       total 185856K, used 45479K [0x00000000a0000000, 0x00000000ab580000, 0x00000000e0000000)
  object space 185856K, 24% used [0x00000000a0000000,0x00000000a2c69dd0,0x00000000ab580000)
 Metaspace       used 96816K, capacity 103198K, committed 103448K, reserved 1138688K
  class space    used 12350K, capacity 13397K, committed 13608K, reserved 1048576K
GC Heap History (10 events):
Event: 5266.664 GC heap before
{Heap before GC invocations=48 (full 4):
 PSYoungGen      total 398848K, used 398438K [0x00000000e0000000, 0x0000000100000000, 0x0000000100000000)
  eden space 350208K, 100% used [0x00000000e0000000,0x00000000f5600000,0x00000000f5600000)
  from space 48640K, 99% used [0x00000000f5600000,0x00000000f8519a78,0x00000000f8580000)
  to   space 89088K, 0% used [0x00000000fa900000,0x00000000fa900000,0x0000000100000000)
 ParOldGen       total 185856K, used 45439K [0x00000000a0000000, 0x00000000ab580000, 0x00000000e0000000)
  object space 185856K, 24% used [0x00000000a0000000,0x00000000a2c5fdd0,0x00000000ab580000)
 Metaspace       used 96486K, capacity 102892K, committed 103064K, reserved 1138688K
  class space    used 12339K, capacity 13380K, committed 13480K, reserved 1048576K
Event: 5266.939 GC heap after
Heap after GC invocations=48 (full 4):
 PSYoungGen      total 438272K, used 11780K [0x00000000e0000000, 0x0000000100000000, 0x0000000100000000)
  eden space 349184K, 0% used [0x00000000e0000000,0x00000000e0000000,0x00000000f5500000)
  from space 89088K, 13% used [0x00000000fa900000,0x00000000fb481140,0x0000000100000000)
  to   space 86016K, 0% used [0x00000000f5500000,0x00000000f5500000,0x00000000fa900000)
 ParOldGen       total 185856K, used 45447K [0x00000000a0000000, 0x00000000ab580000, 0x00000000e0000000)
  object space 185856K, 24% used [0x00000000a0000000,0x00000000a2c61dd0,0x00000000ab580000)
 Metaspace       used 96486K, capacity 102892K, committed 103064K, reserved 1138688K
  class space    used 12339K, capacity 13380K, committed 13480K, reserved 1048576K
}
Event: 5309.327 GC heap before
{Heap before GC invocations=49 (full 4):
 PSYoungGen      total 438272K, used 360964K [0x00000000e0000000, 0x0000000100000000, 0x0000000100000000)
  eden space 349184K, 100% used [0x00000000e0000000,0x00000000f5500000,0x00000000f5500000)
  from space 89088K, 13% used [0x00000000fa900000,0x00000000fb481140,0x0000000100000000)
  to   space 86016K, 0% used [0x00000000f5500000,0x00000000f5500000,0x00000000fa900000)
 ParOldGen       total 185856K, used 45447K [0x00000000a0000000, 0x00000000ab580000, 0x00000000e0000000)
  object space 185856K, 24% used [0x00000000a0000000,0x00000000a2c61dd0,0x00000000ab580000)
 Metaspace       used 96545K, capacity 102896K, committed 103064K, reserved 1138688K
  class space    used 12340K, capacity 13380K, committed 13480K, reserved 1048576K
Event: 5309.399 GC heap after
Heap after GC invocations=49 (full 4):
 PSYoungGen      total 359424K, used 10033K [0x00000000e0000000, 0x00000000ff700000, 0x0000000100000000)
  eden space 349184K, 0% used [0x00000000e0000000,0x00000000e0000000,0x00000000f5500000)
  from space 10240K, 97% used [0x00000000f5500000,0x00000000f5ecc4b0,0x00000000f5f00000)
  to   space 82944K, 0% used [0x00000000fa600000,0x00000000fa600000,0x00000000ff700000)
 ParOldGen       total 185856K, used 45455K [0x00000000a0000000, 0x00000000ab580000, 0x00000000e0000000)
  object space 185856K, 24% used [0x00000000a0000000,0x00000000a2c63dd0,0x00000000ab580000)
 Metaspace       used 96545K, capacity 102896K, committed 103064K, reserved 1138688K
  class space    used 12340K, capacity 13380K, committed 13480K, reserved 1048576K
}
Event: 5371.364 GC heap before
{Heap before GC invocations=50 (full 4):
 PSYoungGen      total 359424K, used 359217K [0x00000000e0000000, 0x00000000ff700000, 0x0000000100000000)
  eden space 349184K, 100% used [0x00000000e0000000,0x00000000f5500000,0x00000000f5500000)
  from space 10240K, 97% used [0x00000000f5500000,0x00000000f5ecc4b0,0x00000000f5f00000)
  to   space 82944K, 0% used [0x00000000fa600000,0x00000000fa600000,0x00000000ff700000)
 ParOldGen       total 185856K, used 45455K [0x00000000a0000000, 0x00000000ab580000, 0x00000000e0000000)
  object space 185856K, 24% used [0x00000000a0000000,0x00000000a2c63dd0,0x00000000ab580000)
 Metaspace       used 96617K, capacity 103042K, committed 103448K, reserved 1138688K
  class space    used 12341K, capacity 13383K, committed 13608K, reserved 1048576K
Event: 5371.634 GC heap after
Heap after GC invocations=50 (full 4):
 PSYoungGen      total 435200K, used 9633K [0x00000000e0000000, 0x0000000100000000, 0x0000000100000000)
  eden space 352256K, 0% used [0x00000000e0000000,0x00000000e0000000,0x00000000f5800000)
  from space 82944K, 11% used [0x00000000fa600000,0x00000000faf684a0,0x00000000ff700000)
  to   space 79872K, 0% used [0x00000000f5800000,0x00000000f5800000,0x00000000fa600000)
 ParOldGen       total 185856K, used 45463K [0x00000000a0000000, 0x00000000ab580000, 0x00000000e0000000)
  object space 185856K, 24% used [0x00000000a0000000,0x00000000a2c65dd0,0x00000000ab580000)
 Metaspace       used 96617K, capacity 103042K, committed 103448K, reserved 1138688K
  class space    used 12341K, capacity 13383K, committed 13608K, reserved 1048576K
}
Event: 5519.718 GC heap before
{Heap before GC invocations=51 (full 4):
 PSYoungGen      total 435200K, used 361889K [0x00000000e0000000, 0x0000000100000000, 0x0000000100000000)
  eden space 352256K, 100% used [0x00000000e0000000,0x00000000f5800000,0x00000000f5800000)
  from space 82944K, 11% used [0x00000000fa600000,0x00000000faf684a0,0x00000000ff700000)
  to   space 79872K, 0% used [0x00000000f5800000,0x00000000f5800000,0x00000000fa600000)
 ParOldGen       total 185856K, used 45463K [0x00000000a0000000, 0x00000000ab580000, 0x00000000e0000000)
  object space 185856K, 24% used [0x00000000a0000000,0x00000000a2c65dd0,0x00000000ab580000)
 Metaspace       used 96665K, capacity 103046K, committed 103448K, reserved 1138688K
  class space    used 12342K, capacity 13383K, committed 13608K, reserved 1048576K
Event: 5520.032 GC heap after
Heap after GC invocations=51 (full 4):
 PSYoungGen      total 432128K, used 7681K [0x00000000e0000000, 0x00000000ff800000, 0x0000000100000000)
  eden space 352256K, 0% used [0x00000000e0000000,0x00000000e0000000,0x00000000f5800000)
  from space 79872K, 9% used [0x00000000f5800000,0x00000000f5f804a0,0x00000000fa600000)
  to   space 77312K, 0% used [0x00000000fac80000,0x00000000fac80000,0x00000000ff800000)
 ParOldGen       total 185856K, used 45471K [0x00000000a0000000, 0x00000000ab580000, 0x00000000e0000000)
  object space 185856K, 24% used [0x00000000a0000000,0x00000000a2c67dd0,0x00000000ab580000)
 Metaspace       used 96665K, capacity 103046K, committed 103448K, reserved 1138688K
  class space    used 12342K, capacity 13383K, committed 13608K, reserved 1048576K
}
Event: 5528.483 GC heap before
{Heap before GC invocations=52 (full 4):
 PSYoungGen      total 432128K, used 359937K [0x00000000e0000000, 0x00000000ff800000, 0x0000000100000000)
  eden space 352256K, 100% used [0x00000000e0000000,0x00000000f5800000,0x00000000f5800000)
  from space 79872K, 9% used [0x00000000f5800000,0x00000000f5f804a0,0x00000000fa600000)
  to   space 77312K, 0% used [0x00000000fac80000,0x00000000fac80000,0x00000000ff800000)
 ParOldGen       total 185856K, used 45471K [0x00000000a0000000, 0x00000000ab580000, 0x00000000e0000000)
  object space 185856K, 24% used [0x00000000a0000000,0x00000000a2c67dd0,0x00000000ab580000)
 Metaspace       used 96739K, capacity 103120K, committed 103448K, reserved 1138688K
  class space    used 12343K, capacity 13384K, committed 13608K, reserved 1048576K
Event: 5528.552 GC heap after
Heap after GC invocations=52 (full 4):
 PSYoungGen      total 441344K, used 5553K [0x00000000e0000000, 0x00000000ff880000, 0x0000000100000000)
  eden space 364032K, 0% used [0x00000000e0000000,0x00000000e0000000,0x00000000f6380000)
  from space 77312K, 7% used [0x00000000fac80000,0x00000000fb1ec4b0,0x00000000ff800000)
  to   space 74752K, 0% used [0x00000000f6380000,0x00000000f6380000,0x00000000fac80000)
 ParOldGen       total 185856K, used 45479K [0x00000000a0000000, 0x00000000ab580000, 0x00000000e0000000)
  object space 185856K, 24% used [0x00000000a0000000,0x00000000a2c69dd0,0x00000000ab580000)
 Metaspace       used 96739K, capacity 103120K, committed 103448K, reserved 1138688K
  class space    used 12343K, capacity 13384K, committed 13608K, reserved 1048576K
}

